
*** Running vivado
    with args -log FP_adder_32_13cc.vdi -applog -m64 -product Vivado -messageDb vivado.pb -mode batch -source FP_adder_32_13cc.tcl -notrace



****** Vivado v2020.2 (64-bit)
  **** SW Build 3064766 on Wed Nov 18 09:12:45 MST 2020
  **** IP Build 3064653 on Wed Nov 18 14:17:31 MST 2020
    ** Copyright 1986-2020 Xilinx, Inc. All Rights Reserved.

source FP_adder_32_13cc.tcl -notrace
Command: link_design -top FP_adder_32_13cc -part xc7k70tfbv676-1
Design is defaulting to srcset: sources_1
Design is defaulting to constrset: constrs_1
INFO: [Device 21-403] Loading part xc7k70tfbv676-1
Netlist sorting complete. Time (s): cpu = 00:00:00 ; elapsed = 00:00:00.019 . Memory (MB): peak = 1014.910 ; gain = 0.000
INFO: [Netlist 29-17] Analyzing 34 Unisim elements for replacement
INFO: [Netlist 29-28] Unisim Transformation completed in 0 CPU seconds
WARNING: [Netlist 29-101] Netlist 'FP_adder_32_13cc' is not ideal for floorplanning, since the cellview 'FP_adder_32_13cc' contains a large number of primitives.  Please consider enabling hierarchy in synthesis if you want to do floorplanning.
INFO: [Project 1-479] Netlist was created with Vivado 2020.2
INFO: [Project 1-570] Preparing netlist for logic optimization
Parsing XDC File [C:/Mirror/GitProject/IC-Design/Projects/Training/constraint/const.xdc]
Finished Parsing XDC File [C:/Mirror/GitProject/IC-Design/Projects/Training/constraint/const.xdc]
INFO: [Opt 31-138] Pushed 0 inverter(s) to 0 load pin(s).
Netlist sorting complete. Time (s): cpu = 00:00:00 ; elapsed = 00:00:00.001 . Memory (MB): peak = 1014.910 ; gain = 0.000
INFO: [Project 1-111] Unisim Transformation Summary:
No Unisim elements were transformed.

7 Infos, 1 Warnings, 0 Critical Warnings and 0 Errors encountered.
link_design completed successfully
link_design: Time (s): cpu = 00:00:05 ; elapsed = 00:00:11 . Memory (MB): peak = 1014.910 ; gain = 0.000
Command: opt_design
Attempting to get a license for feature 'Implementation' and/or device 'xc7k70t'
INFO: [Common 17-349] Got license for feature 'Implementation' and/or device 'xc7k70t'
Running DRC as a precondition to command opt_design

Starting DRC Task
INFO: [DRC 23-27] Running DRC with 2 threads
INFO: [Project 1-461] DRC finished with 0 Errors
INFO: [Project 1-462] Please refer to the DRC report (report_drc) for more information.

Time (s): cpu = 00:00:01 ; elapsed = 00:00:02 . Memory (MB): peak = 1014.910 ; gain = 0.000

Starting Cache Timing Information Task
INFO: [Timing 38-35] Done setting XDC timing constraints.
Ending Cache Timing Information Task | Checksum: 9e61c722

Time (s): cpu = 00:00:06 ; elapsed = 00:00:13 . Memory (MB): peak = 1334.797 ; gain = 319.887

Starting Logic Optimization Task

Phase 1 Retarget
INFO: [Opt 31-138] Pushed 0 inverter(s) to 0 load pin(s).
INFO: [Opt 31-49] Retargeted 0 cell(s).
Phase 1 Retarget | Checksum: 9e61c722

Time (s): cpu = 00:00:00 ; elapsed = 00:00:00.124 . Memory (MB): peak = 1548.527 ; gain = 0.000
INFO: [Opt 31-389] Phase Retarget created 0 cells and removed 0 cells

Phase 2 Constant propagation
INFO: [Opt 31-138] Pushed 0 inverter(s) to 0 load pin(s).
Phase 2 Constant propagation | Checksum: 9e61c722

Time (s): cpu = 00:00:01 ; elapsed = 00:00:00.147 . Memory (MB): peak = 1548.527 ; gain = 0.000
INFO: [Opt 31-389] Phase Constant propagation created 0 cells and removed 0 cells

Phase 3 Sweep
Phase 3 Sweep | Checksum: 11f3b98ac

Time (s): cpu = 00:00:01 ; elapsed = 00:00:00.193 . Memory (MB): peak = 1548.527 ; gain = 0.000
INFO: [Opt 31-389] Phase Sweep created 0 cells and removed 0 cells

Phase 4 BUFG optimization
Phase 4 BUFG optimization | Checksum: 11f3b98ac

Time (s): cpu = 00:00:01 ; elapsed = 00:00:00.257 . Memory (MB): peak = 1548.527 ; gain = 0.000
INFO: [Opt 31-662] Phase BUFG optimization created 0 cells of which 0 are BUFGs and removed 0 cells.

Phase 5 Shift Register Optimization
INFO: [Opt 31-1064] SRL Remap converted 0 SRLs to 0 registers and converted 0 registers of register chains to 0 SRLs
Phase 5 Shift Register Optimization | Checksum: 11f3b98ac

Time (s): cpu = 00:00:01 ; elapsed = 00:00:00.280 . Memory (MB): peak = 1548.527 ; gain = 0.000
INFO: [Opt 31-389] Phase Shift Register Optimization created 0 cells and removed 0 cells

Phase 6 Post Processing Netlist
Phase 6 Post Processing Netlist | Checksum: 11f3b98ac

Time (s): cpu = 00:00:01 ; elapsed = 00:00:00.299 . Memory (MB): peak = 1548.527 ; gain = 0.000
INFO: [Opt 31-389] Phase Post Processing Netlist created 0 cells and removed 0 cells
Opt_design Change Summary
=========================


-------------------------------------------------------------------------------------------------------------------------
|  Phase                        |  #Cells created  |  #Cells Removed  |  #Constrained objects preventing optimizations  |
-------------------------------------------------------------------------------------------------------------------------
|  Retarget                     |               0  |               0  |                                              0  |
|  Constant propagation         |               0  |               0  |                                              0  |
|  Sweep                        |               0  |               0  |                                              0  |
|  BUFG optimization            |               0  |               0  |                                              0  |
|  Shift Register Optimization  |               0  |               0  |                                              0  |
|  Post Processing Netlist      |               0  |               0  |                                              0  |
-------------------------------------------------------------------------------------------------------------------------



Starting Connectivity Check Task

Time (s): cpu = 00:00:00 ; elapsed = 00:00:00.004 . Memory (MB): peak = 1548.527 ; gain = 0.000
Ending Logic Optimization Task | Checksum: 6499951f

Time (s): cpu = 00:00:01 ; elapsed = 00:00:00.359 . Memory (MB): peak = 1548.527 ; gain = 0.000

Starting Power Optimization Task
INFO: [Pwropt 34-132] Skipping clock gating for clocks with a period < 2.00 ns.
Ending Power Optimization Task | Checksum: 6499951f

Time (s): cpu = 00:00:00 ; elapsed = 00:00:00.039 . Memory (MB): peak = 1548.527 ; gain = 0.000

Starting Final Cleanup Task
Ending Final Cleanup Task | Checksum: 6499951f

Time (s): cpu = 00:00:00 ; elapsed = 00:00:00 . Memory (MB): peak = 1548.527 ; gain = 0.000

Starting Netlist Obfuscation Task
Netlist sorting complete. Time (s): cpu = 00:00:00 ; elapsed = 00:00:00.001 . Memory (MB): peak = 1548.527 ; gain = 0.000
Ending Netlist Obfuscation Task | Checksum: 6499951f

Time (s): cpu = 00:00:00 ; elapsed = 00:00:00.001 . Memory (MB): peak = 1548.527 ; gain = 0.000
INFO: [Common 17-83] Releasing license: Implementation
24 Infos, 1 Warnings, 0 Critical Warnings and 0 Errors encountered.
opt_design completed successfully
opt_design: Time (s): cpu = 00:00:10 ; elapsed = 00:00:19 . Memory (MB): peak = 1548.527 ; gain = 533.617
INFO: [Timing 38-480] Writing timing data to binary archive.
INFO: [Common 17-1381] The checkpoint 'C:/Mirror/GitProject/IC-Design/Projects/Training/syn/project_1/project_1.runs/impl_1/FP_adder_32_13cc_opt.dcp' has been generated.
INFO: [runtcl-4] Executing : report_drc -file FP_adder_32_13cc_drc_opted.rpt -pb FP_adder_32_13cc_drc_opted.pb -rpx FP_adder_32_13cc_drc_opted.rpx
Command: report_drc -file FP_adder_32_13cc_drc_opted.rpt -pb FP_adder_32_13cc_drc_opted.pb -rpx FP_adder_32_13cc_drc_opted.rpx
INFO: [IP_Flow 19-234] Refreshing IP repositories
INFO: [IP_Flow 19-1704] No user IP repositories specified
INFO: [IP_Flow 19-2313] Loaded Vivado IP repository 'C:/Xilinx/Vivado/2020.2/data/ip'.
INFO: [Timing 38-35] Done setting XDC timing constraints.
INFO: [DRC 23-27] Running DRC with 2 threads
INFO: [Coretcl 2-168] The results of DRC are in file C:/Mirror/GitProject/IC-Design/Projects/Training/syn/project_1/project_1.runs/impl_1/FP_adder_32_13cc_drc_opted.rpt.
report_drc completed successfully
Command: place_design
Attempting to get a license for feature 'Implementation' and/or device 'xc7k70t'
INFO: [Common 17-349] Got license for feature 'Implementation' and/or device 'xc7k70t'
INFO: [DRC 23-27] Running DRC with 2 threads
INFO: [Vivado_Tcl 4-198] DRC finished with 0 Errors
INFO: [Vivado_Tcl 4-199] Please refer to the DRC report (report_drc) for more information.
Running DRC as a precondition to command place_design
INFO: [DRC 23-27] Running DRC with 2 threads
INFO: [Vivado_Tcl 4-198] DRC finished with 0 Errors
INFO: [Vivado_Tcl 4-199] Please refer to the DRC report (report_drc) for more information.

Starting Placer Task
INFO: [Place 30-611] Multithreading enabled for place_design using a maximum of 2 CPUs

Phase 1 Placer Initialization

Phase 1.1 Placer Initialization Netlist Sorting
Netlist sorting complete. Time (s): cpu = 00:00:00 ; elapsed = 00:00:00.001 . Memory (MB): peak = 1596.566 ; gain = 0.000
Phase 1.1 Placer Initialization Netlist Sorting | Checksum: 1b8c235b

Time (s): cpu = 00:00:00 ; elapsed = 00:00:00.031 . Memory (MB): peak = 1596.566 ; gain = 0.000
Netlist sorting complete. Time (s): cpu = 00:00:00 ; elapsed = 00:00:00.001 . Memory (MB): peak = 1596.566 ; gain = 0.000

Phase 1.2 IO Placement/ Clock Placement/ Build Placer Device
Phase 1.2 IO Placement/ Clock Placement/ Build Placer Device | Checksum: 1610d2493

Time (s): cpu = 00:00:02 ; elapsed = 00:00:02 . Memory (MB): peak = 1596.566 ; gain = 0.000

Phase 1.3 Build Placer Netlist Model
Phase 1.3 Build Placer Netlist Model | Checksum: 22247b2b6

Time (s): cpu = 00:00:02 ; elapsed = 00:00:02 . Memory (MB): peak = 1596.566 ; gain = 0.000

Phase 1.4 Constrain Clocks/Macros
Phase 1.4 Constrain Clocks/Macros | Checksum: 22247b2b6

Time (s): cpu = 00:00:02 ; elapsed = 00:00:02 . Memory (MB): peak = 1596.566 ; gain = 0.000
Phase 1 Placer Initialization | Checksum: 22247b2b6

Time (s): cpu = 00:00:02 ; elapsed = 00:00:02 . Memory (MB): peak = 1596.566 ; gain = 0.000

Phase 2 Global Placement

Phase 2.1 Floorplanning
Phase 2.1 Floorplanning | Checksum: 1cade34e5

Time (s): cpu = 00:00:02 ; elapsed = 00:00:03 . Memory (MB): peak = 1596.566 ; gain = 0.000

Phase 2.2 Update Timing before SLR Path Opt
Phase 2.2 Update Timing before SLR Path Opt | Checksum: 19e637d55

Time (s): cpu = 00:00:02 ; elapsed = 00:00:03 . Memory (MB): peak = 1596.566 ; gain = 0.000

Phase 2.3 Global Placement Core

Phase 2.3.1 Physical Synthesis In Placer
INFO: [Physopt 32-1035] Found 1 LUTNM shape to break, 58 LUT instances to create LUTNM shape
INFO: [Physopt 32-1044] Break lutnm for timing: one critical 1, two critical 0, total 1, new lutff created 0
INFO: [Physopt 32-775] End 1 Pass. Optimized 26 nets or cells. Created 1 new cell, deleted 25 existing cells and moved 0 existing cell
INFO: [Physopt 32-65] No nets found for high-fanout optimization.
INFO: [Physopt 32-232] Optimized 0 net. Created 0 new instance.
INFO: [Physopt 32-775] End 1 Pass. Optimized 0 net or cell. Created 0 new cell, deleted 0 existing cell and moved 0 existing cell
INFO: [Physopt 32-456] No candidate cells for DSP register optimization found in the design.
INFO: [Physopt 32-775] End 2 Pass. Optimized 0 net or cell. Created 0 new cell, deleted 0 existing cell and moved 0 existing cell
INFO: [Physopt 32-1123] No candidate cells found for Shift Register to Pipeline optimization
INFO: [Physopt 32-775] End 1 Pass. Optimized 0 net or cell. Created 0 new cell, deleted 0 existing cell and moved 0 existing cell
INFO: [Physopt 32-677] No candidate cells for Shift Register optimization found in the design
INFO: [Physopt 32-775] End 1 Pass. Optimized 0 net or cell. Created 0 new cell, deleted 0 existing cell and moved 0 existing cell
INFO: [Physopt 32-526] No candidate cells for BRAM register optimization found in the design
INFO: [Physopt 32-775] End 1 Pass. Optimized 0 net or cell. Created 0 new cell, deleted 0 existing cell and moved 0 existing cell
INFO: [Physopt 32-846] No candidate cells for URAM register optimization found in the design
INFO: [Physopt 32-775] End 2 Pass. Optimized 0 net or cell. Created 0 new cell, deleted 0 existing cell and moved 0 existing cell
INFO: [Physopt 32-949] No candidate nets found for dynamic/static region interface net replication
INFO: [Physopt 32-775] End 1 Pass. Optimized 0 net or cell. Created 0 new cell, deleted 0 existing cell and moved 0 existing cell
Netlist sorting complete. Time (s): cpu = 00:00:00 ; elapsed = 00:00:00.001 . Memory (MB): peak = 1596.566 ; gain = 0.000

Summary of Physical Synthesis Optimizations
============================================


-----------------------------------------------------------------------------------------------------------------------------------------------------------
|  Optimization                                     |  Added Cells  |  Removed Cells  |  Optimized Cells/Nets  |  Dont Touch  |  Iterations  |  Elapsed   |
-----------------------------------------------------------------------------------------------------------------------------------------------------------
|  LUT Combining                                    |            1  |             25  |                    26  |           0  |           1  |  00:00:00  |
|  Very High Fanout                                 |            0  |              0  |                     0  |           0  |           1  |  00:00:00  |
|  DSP Register                                     |            0  |              0  |                     0  |           0  |           1  |  00:00:00  |
|  Shift Register to Pipeline                       |            0  |              0  |                     0  |           0  |           1  |  00:00:00  |
|  Shift Register                                   |            0  |              0  |                     0  |           0  |           1  |  00:00:00  |
|  BRAM Register                                    |            0  |              0  |                     0  |           0  |           1  |  00:00:00  |
|  URAM Register                                    |            0  |              0  |                     0  |           0  |           1  |  00:00:00  |
|  Dynamic/Static Region Interface Net Replication  |            0  |              0  |                     0  |           0  |           1  |  00:00:00  |
|  Total                                            |            1  |             25  |                    26  |           0  |           8  |  00:00:00  |
-----------------------------------------------------------------------------------------------------------------------------------------------------------


Phase 2.3.1 Physical Synthesis In Placer | Checksum: 15a4eb11b

Time (s): cpu = 00:00:04 ; elapsed = 00:00:06 . Memory (MB): peak = 1596.566 ; gain = 0.000
Phase 2.3 Global Placement Core | Checksum: 12ed4d939

Time (s): cpu = 00:00:04 ; elapsed = 00:00:06 . Memory (MB): peak = 1596.566 ; gain = 0.000
Phase 2 Global Placement | Checksum: 12ed4d939

Time (s): cpu = 00:00:04 ; elapsed = 00:00:06 . Memory (MB): peak = 1596.566 ; gain = 0.000

Phase 3 Detail Placement

Phase 3.1 Commit Multi Column Macros
Phase 3.1 Commit Multi Column Macros | Checksum: 1796b7adc

Time (s): cpu = 00:00:04 ; elapsed = 00:00:06 . Memory (MB): peak = 1596.566 ; gain = 0.000

Phase 3.2 Commit Most Macros & LUTRAMs
Phase 3.2 Commit Most Macros & LUTRAMs | Checksum: 1b1abae2e

Time (s): cpu = 00:00:04 ; elapsed = 00:00:07 . Memory (MB): peak = 1596.566 ; gain = 0.000

Phase 3.3 Area Swap Optimization
Phase 3.3 Area Swap Optimization | Checksum: 1e5fbdd3e

Time (s): cpu = 00:00:04 ; elapsed = 00:00:07 . Memory (MB): peak = 1596.566 ; gain = 0.000

Phase 3.4 Pipeline Register Optimization
Phase 3.4 Pipeline Register Optimization | Checksum: 1b2f1bacf

Time (s): cpu = 00:00:04 ; elapsed = 00:00:07 . Memory (MB): peak = 1596.566 ; gain = 0.000

Phase 3.5 Fast Optimization
Phase 3.5 Fast Optimization | Checksum: 1f2d2851a

Time (s): cpu = 00:00:05 ; elapsed = 00:00:07 . Memory (MB): peak = 1596.566 ; gain = 0.000

Phase 3.6 Small Shape Detail Placement
Phase 3.6 Small Shape Detail Placement | Checksum: 148579c11

Time (s): cpu = 00:00:05 ; elapsed = 00:00:08 . Memory (MB): peak = 1596.566 ; gain = 0.000

Phase 3.7 Re-assign LUT pins
Phase 3.7 Re-assign LUT pins | Checksum: 107a9106d

Time (s): cpu = 00:00:05 ; elapsed = 00:00:08 . Memory (MB): peak = 1596.566 ; gain = 0.000

Phase 3.8 Pipeline Register Optimization
Phase 3.8 Pipeline Register Optimization | Checksum: 192c5aa74

Time (s): cpu = 00:00:05 ; elapsed = 00:00:08 . Memory (MB): peak = 1596.566 ; gain = 0.000
Phase 3 Detail Placement | Checksum: 192c5aa74

Time (s): cpu = 00:00:05 ; elapsed = 00:00:08 . Memory (MB): peak = 1596.566 ; gain = 0.000

Phase 4 Post Placement Optimization and Clean-Up

Phase 4.1 Post Commit Optimization
INFO: [Timing 38-35] Done setting XDC timing constraints.

Phase 4.1.1 Post Placement Optimization
Post Placement Optimization Initialization | Checksum: 1930a91e9

Phase 4.1.1.1 BUFG Insertion

Starting Physical Synthesis Task

Phase 1 Physical Synthesis Initialization
INFO: [Physopt 32-721] Multithreading enabled for phys_opt_design using a maximum of 2 CPUs
INFO: [Physopt 32-619] Estimated Timing Summary | WNS=0.400 | TNS=0.000 |
Phase 1 Physical Synthesis Initialization | Checksum: 10722620b

Time (s): cpu = 00:00:01 ; elapsed = 00:00:00.140 . Memory (MB): peak = 1596.566 ; gain = 0.000
INFO: [Place 46-56] BUFG insertion identified 0 candidate nets. Inserted BUFG: 0, Replicated BUFG Driver: 0, Skipped due to Placement/Routing Conflicts: 0, Skipped due to Timing Degradation: 0, Skipped due to Illegal Netlist: 0.
Ending Physical Synthesis Task | Checksum: 1a08ff2d4

Time (s): cpu = 00:00:01 ; elapsed = 00:00:00.153 . Memory (MB): peak = 1596.566 ; gain = 0.000
Phase 4.1.1.1 BUFG Insertion | Checksum: 1930a91e9

Time (s): cpu = 00:00:06 ; elapsed = 00:00:09 . Memory (MB): peak = 1596.566 ; gain = 0.000
INFO: [Place 30-746] Post Placement Timing Summary WNS=0.591. For the most accurate timing information please run report_timing.

Time (s): cpu = 00:00:06 ; elapsed = 00:00:09 . Memory (MB): peak = 1596.566 ; gain = 0.000
Phase 4.1 Post Commit Optimization | Checksum: 18ea43323

Time (s): cpu = 00:00:06 ; elapsed = 00:00:09 . Memory (MB): peak = 1596.566 ; gain = 0.000

Phase 4.2 Post Placement Cleanup
Phase 4.2 Post Placement Cleanup | Checksum: 18ea43323

Time (s): cpu = 00:00:06 ; elapsed = 00:00:09 . Memory (MB): peak = 1596.566 ; gain = 0.000

Phase 4.3 Placer Reporting

Phase 4.3.1 Print Estimated Congestion
INFO: [Place 30-612] Post-Placement Estimated Congestion 
 ____________________________________________________
|           | Global Congestion | Short Congestion  |
| Direction | Region Size       | Region Size       |
|___________|___________________|___________________|
|      North|                1x1|                1x1|
|___________|___________________|___________________|
|      South|                1x1|                1x1|
|___________|___________________|___________________|
|       East|                1x1|                1x1|
|___________|___________________|___________________|
|       West|                1x1|                1x1|
|___________|___________________|___________________|

Phase 4.3.1 Print Estimated Congestion | Checksum: 18ea43323

Time (s): cpu = 00:00:06 ; elapsed = 00:00:09 . Memory (MB): peak = 1596.566 ; gain = 0.000
Phase 4.3 Placer Reporting | Checksum: 18ea43323

Time (s): cpu = 00:00:06 ; elapsed = 00:00:09 . Memory (MB): peak = 1596.566 ; gain = 0.000

Phase 4.4 Final Placement Cleanup
Netlist sorting complete. Time (s): cpu = 00:00:00 ; elapsed = 00:00:00.001 . Memory (MB): peak = 1596.566 ; gain = 0.000

Time (s): cpu = 00:00:06 ; elapsed = 00:00:09 . Memory (MB): peak = 1596.566 ; gain = 0.000
Phase 4 Post Placement Optimization and Clean-Up | Checksum: 13d8f7532

Time (s): cpu = 00:00:06 ; elapsed = 00:00:09 . Memory (MB): peak = 1596.566 ; gain = 0.000
Ending Placer Task | Checksum: bb21dc78

Time (s): cpu = 00:00:06 ; elapsed = 00:00:09 . Memory (MB): peak = 1596.566 ; gain = 0.000
INFO: [Common 17-83] Releasing license: Implementation
66 Infos, 1 Warnings, 0 Critical Warnings and 0 Errors encountered.
place_design completed successfully
place_design: Time (s): cpu = 00:00:08 ; elapsed = 00:00:11 . Memory (MB): peak = 1596.566 ; gain = 1.004
INFO: [Timing 38-480] Writing timing data to binary archive.
Writing placer database...
Writing XDEF routing.
Writing XDEF routing logical nets.
Writing XDEF routing special nets.
Write XDEF Complete: Time (s): cpu = 00:00:00 ; elapsed = 00:00:00.175 . Memory (MB): peak = 1596.566 ; gain = 0.000
INFO: [Common 17-1381] The checkpoint 'C:/Mirror/GitProject/IC-Design/Projects/Training/syn/project_1/project_1.runs/impl_1/FP_adder_32_13cc_placed.dcp' has been generated.
INFO: [runtcl-4] Executing : report_io -file FP_adder_32_13cc_io_placed.rpt
report_io: Time (s): cpu = 00:00:00 ; elapsed = 00:00:00.153 . Memory (MB): peak = 1596.566 ; gain = 0.000
INFO: [runtcl-4] Executing : report_utilization -file FP_adder_32_13cc_utilization_placed.rpt -pb FP_adder_32_13cc_utilization_placed.pb
INFO: [runtcl-4] Executing : report_control_sets -verbose -file FP_adder_32_13cc_control_sets_placed.rpt
report_control_sets: Time (s): cpu = 00:00:00 ; elapsed = 00:00:00.006 . Memory (MB): peak = 1596.566 ; gain = 0.000
Command: phys_opt_design
Attempting to get a license for feature 'Implementation' and/or device 'xc7k70t'
INFO: [Common 17-349] Got license for feature 'Implementation' and/or device 'xc7k70t'
INFO: [Vivado_Tcl 4-383] Design worst setup slack (WNS) is greater than or equal to 0.000 ns. Skipping all physical synthesis optimizations.
INFO: [Vivado_Tcl 4-232] No setup violation found. The netlist was not modified.
INFO: [Common 17-83] Releasing license: Implementation
75 Infos, 1 Warnings, 0 Critical Warnings and 0 Errors encountered.
phys_opt_design completed successfully
INFO: [Timing 38-480] Writing timing data to binary archive.
Writing placer database...
Writing XDEF routing.
Writing XDEF routing logical nets.
Writing XDEF routing special nets.
Write XDEF Complete: Time (s): cpu = 00:00:01 ; elapsed = 00:00:00.177 . Memory (MB): peak = 1607.340 ; gain = 10.773
INFO: [Common 17-1381] The checkpoint 'C:/Mirror/GitProject/IC-Design/Projects/Training/syn/project_1/project_1.runs/impl_1/FP_adder_32_13cc_physopt.dcp' has been generated.
Command: route_design
Attempting to get a license for feature 'Implementation' and/or device 'xc7k70t'
INFO: [Common 17-349] Got license for feature 'Implementation' and/or device 'xc7k70t'
Running DRC as a precondition to command route_design
INFO: [DRC 23-27] Running DRC with 2 threads
INFO: [Vivado_Tcl 4-198] DRC finished with 0 Errors
INFO: [Vivado_Tcl 4-199] Please refer to the DRC report (report_drc) for more information.


Starting Routing Task
INFO: [Route 35-254] Multithreading enabled for route_design using a maximum of 2 CPUs
Checksum: PlaceDB: 89a9bafb ConstDB: 0 ShapeSum: 3178217d RouteDB: 0

Phase 1 Build RT Design
Phase 1 Build RT Design | Checksum: 186319971

Time (s): cpu = 00:00:12 ; elapsed = 00:00:11 . Memory (MB): peak = 1723.340 ; gain = 106.910
Post Restoration Checksum: NetGraph: e870ec87 NumContArr: 9dc0acea Constraints: 0 Timing: 0

Phase 2 Router Initialization

Phase 2.1 Create Timer
Phase 2.1 Create Timer | Checksum: 186319971

Time (s): cpu = 00:00:12 ; elapsed = 00:00:11 . Memory (MB): peak = 1723.352 ; gain = 106.922

Phase 2.2 Fix Topology Constraints
Phase 2.2 Fix Topology Constraints | Checksum: 186319971

Time (s): cpu = 00:00:12 ; elapsed = 00:00:11 . Memory (MB): peak = 1729.379 ; gain = 112.949

Phase 2.3 Pre Route Cleanup
Phase 2.3 Pre Route Cleanup | Checksum: 186319971

Time (s): cpu = 00:00:12 ; elapsed = 00:00:11 . Memory (MB): peak = 1729.379 ; gain = 112.949
 Number of Nodes with overlaps = 0

Phase 2.4 Update Timing
Phase 2.4 Update Timing | Checksum: 1a3399ad0

Time (s): cpu = 00:00:12 ; elapsed = 00:00:12 . Memory (MB): peak = 1744.953 ; gain = 128.523
INFO: [Route 35-416] Intermediate Timing Summary | WNS=0.632  | TNS=0.000  | WHS=-0.122 | THS=-9.273 |

Phase 2 Router Initialization | Checksum: 1153f9a56

Time (s): cpu = 00:00:12 ; elapsed = 00:00:12 . Memory (MB): peak = 1744.953 ; gain = 128.523

Router Utilization Summary
  Global Vertical Routing Utilization    = 0 %
  Global Horizontal Routing Utilization  = 0 %
  Routable Net Status*
  *Does not include unroutable nets such as driverless and loadless.
  Run report_route_status for detailed report.
  Number of Failed Nets               = 1324
    (Failed Nets is the sum of unrouted and partially routed nets)
  Number of Unrouted Nets             = 1324
  Number of Partially Routed Nets     = 0
  Number of Node Overlaps             = 0


Phase 3 Initial Routing

Phase 3.1 Global Routing
Phase 3.1 Global Routing | Checksum: 1153f9a56

Time (s): cpu = 00:00:12 ; elapsed = 00:00:12 . Memory (MB): peak = 1747.184 ; gain = 130.754
Phase 3 Initial Routing | Checksum: ea0cac0c

Time (s): cpu = 00:00:12 ; elapsed = 00:00:12 . Memory (MB): peak = 1747.184 ; gain = 130.754

Phase 4 Rip-up And Reroute

Phase 4.1 Global Iteration 0
 Number of Nodes with overlaps = 254
 Number of Nodes with overlaps = 82
 Number of Nodes with overlaps = 26
 Number of Nodes with overlaps = 7
 Number of Nodes with overlaps = 5
 Number of Nodes with overlaps = 0
INFO: [Route 35-416] Intermediate Timing Summary | WNS=0.515  | TNS=0.000  | WHS=N/A    | THS=N/A    |

Phase 4.1 Global Iteration 0 | Checksum: c8430560

Time (s): cpu = 00:00:13 ; elapsed = 00:00:13 . Memory (MB): peak = 1747.184 ; gain = 130.754
Phase 4 Rip-up And Reroute | Checksum: c8430560

Time (s): cpu = 00:00:13 ; elapsed = 00:00:13 . Memory (MB): peak = 1747.184 ; gain = 130.754

Phase 5 Delay and Skew Optimization

Phase 5.1 Delay CleanUp
Phase 5.1 Delay CleanUp | Checksum: c8430560

Time (s): cpu = 00:00:13 ; elapsed = 00:00:13 . Memory (MB): peak = 1747.184 ; gain = 130.754

Phase 5.2 Clock Skew Optimization
Phase 5.2 Clock Skew Optimization | Checksum: c8430560

Time (s): cpu = 00:00:13 ; elapsed = 00:00:13 . Memory (MB): peak = 1747.184 ; gain = 130.754
Phase 5 Delay and Skew Optimization | Checksum: c8430560

Time (s): cpu = 00:00:13 ; elapsed = 00:00:13 . Memory (MB): peak = 1747.184 ; gain = 130.754

Phase 6 Post Hold Fix

Phase 6.1 Hold Fix Iter

Phase 6.1.1 Update Timing
Phase 6.1.1 Update Timing | Checksum: ef5ef024

Time (s): cpu = 00:00:13 ; elapsed = 00:00:13 . Memory (MB): peak = 1747.184 ; gain = 130.754
INFO: [Route 35-416] Intermediate Timing Summary | WNS=0.597  | TNS=0.000  | WHS=0.086  | THS=0.000  |

Phase 6.1 Hold Fix Iter | Checksum: ef5ef024

Time (s): cpu = 00:00:13 ; elapsed = 00:00:13 . Memory (MB): peak = 1747.184 ; gain = 130.754
Phase 6 Post Hold Fix | Checksum: ef5ef024

Time (s): cpu = 00:00:13 ; elapsed = 00:00:13 . Memory (MB): peak = 1747.184 ; gain = 130.754

Phase 7 Route finalize

Router Utilization Summary
  Global Vertical Routing Utilization    = 0.43291 %
  Global Horizontal Routing Utilization  = 0.364238 %
  Routable Net Status*
  *Does not include unroutable nets such as driverless and loadless.
  Run report_route_status for detailed report.
  Number of Failed Nets               = 0
    (Failed Nets is the sum of unrouted and partially routed nets)
  Number of Unrouted Nets             = 0
  Number of Partially Routed Nets     = 0
  Number of Node Overlaps             = 0

Phase 7 Route finalize | Checksum: ecee22ba

Time (s): cpu = 00:00:13 ; elapsed = 00:00:14 . Memory (MB): peak = 1747.184 ; gain = 130.754

Phase 8 Verifying routed nets

 Verification completed successfully
Phase 8 Verifying routed nets | Checksum: ecee22ba

Time (s): cpu = 00:00:13 ; elapsed = 00:00:14 . Memory (MB): peak = 1747.359 ; gain = 130.930

Phase 9 Depositing Routes
Phase 9 Depositing Routes | Checksum: 17d53600e

Time (s): cpu = 00:00:13 ; elapsed = 00:00:14 . Memory (MB): peak = 1747.359 ; gain = 130.930

Phase 10 Post Router Timing
INFO: [Route 35-57] Estimated Timing Summary | WNS=0.597  | TNS=0.000  | WHS=0.086  | THS=0.000  |

INFO: [Route 35-327] The final timing numbers are based on the router estimated timing analysis. For a complete and accurate timing signoff, please run report_timing_summary.
Phase 10 Post Router Timing | Checksum: 17d53600e

Time (s): cpu = 00:00:13 ; elapsed = 00:00:14 . Memory (MB): peak = 1747.359 ; gain = 130.930
INFO: [Route 35-16] Router Completed Successfully

Time (s): cpu = 00:00:13 ; elapsed = 00:00:14 . Memory (MB): peak = 1747.359 ; gain = 130.930

Routing Is Done.
INFO: [Common 17-83] Releasing license: Implementation
89 Infos, 1 Warnings, 0 Critical Warnings and 0 Errors encountered.
route_design completed successfully
route_design: Time (s): cpu = 00:00:15 ; elapsed = 00:00:16 . Memory (MB): peak = 1747.359 ; gain = 140.020
INFO: [Timing 38-480] Writing timing data to binary archive.
Writing placer database...
Writing XDEF routing.
Writing XDEF routing logical nets.
Writing XDEF routing special nets.
Write XDEF Complete: Time (s): cpu = 00:00:01 ; elapsed = 00:00:00.166 . Memory (MB): peak = 1757.312 ; gain = 9.953
INFO: [Common 17-1381] The checkpoint 'C:/Mirror/GitProject/IC-Design/Projects/Training/syn/project_1/project_1.runs/impl_1/FP_adder_32_13cc_routed.dcp' has been generated.
INFO: [runtcl-4] Executing : report_drc -file FP_adder_32_13cc_drc_routed.rpt -pb FP_adder_32_13cc_drc_routed.pb -rpx FP_adder_32_13cc_drc_routed.rpx
Command: report_drc -file FP_adder_32_13cc_drc_routed.rpt -pb FP_adder_32_13cc_drc_routed.pb -rpx FP_adder_32_13cc_drc_routed.rpx
INFO: [IP_Flow 19-1839] IP Catalog is up to date.
INFO: [DRC 23-27] Running DRC with 2 threads
INFO: [Coretcl 2-168] The results of DRC are in file C:/Mirror/GitProject/IC-Design/Projects/Training/syn/project_1/project_1.runs/impl_1/FP_adder_32_13cc_drc_routed.rpt.
report_drc completed successfully
INFO: [runtcl-4] Executing : report_methodology -file FP_adder_32_13cc_methodology_drc_routed.rpt -pb FP_adder_32_13cc_methodology_drc_routed.pb -rpx FP_adder_32_13cc_methodology_drc_routed.rpx
Command: report_methodology -file FP_adder_32_13cc_methodology_drc_routed.rpt -pb FP_adder_32_13cc_methodology_drc_routed.pb -rpx FP_adder_32_13cc_methodology_drc_routed.rpx
INFO: [Timing 38-35] Done setting XDC timing constraints.
INFO: [DRC 23-133] Running Methodology with 2 threads
INFO: [Coretcl 2-1520] The results of Report Methodology are in file C:/Mirror/GitProject/IC-Design/Projects/Training/syn/project_1/project_1.runs/impl_1/FP_adder_32_13cc_methodology_drc_routed.rpt.
report_methodology completed successfully
INFO: [runtcl-4] Executing : report_power -file FP_adder_32_13cc_power_routed.rpt -pb FP_adder_32_13cc_power_summary_routed.pb -rpx FP_adder_32_13cc_power_routed.rpx
Command: report_power -file FP_adder_32_13cc_power_routed.rpt -pb FP_adder_32_13cc_power_summary_routed.pb -rpx FP_adder_32_13cc_power_routed.rpx
INFO: [Timing 38-35] Done setting XDC timing constraints.
Running Vector-less Activity Propagation...

Finished Running Vector-less Activity Propagation
101 Infos, 1 Warnings, 0 Critical Warnings and 0 Errors encountered.
report_power completed successfully
INFO: [runtcl-4] Executing : report_route_status -file FP_adder_32_13cc_route_status.rpt -pb FP_adder_32_13cc_route_status.pb
INFO: [runtcl-4] Executing : report_timing_summary -max_paths 10 -file FP_adder_32_13cc_timing_summary_routed.rpt -pb FP_adder_32_13cc_timing_summary_routed.pb -rpx FP_adder_32_13cc_timing_summary_routed.rpx -warn_on_violation 
INFO: [Timing 38-91] UpdateTimingParams: Speed grade: -1, Delay Type: min_max.
INFO: [Timing 38-191] Multithreading enabled for timing update using a maximum of 2 CPUs
INFO: [runtcl-4] Executing : report_incremental_reuse -file FP_adder_32_13cc_incremental_reuse_routed.rpt
INFO: [Vivado_Tcl 4-1062] Incremental flow is disabled. No incremental reuse Info to report.
INFO: [runtcl-4] Executing : report_clock_utilization -file FP_adder_32_13cc_clock_utilization_routed.rpt
INFO: [runtcl-4] Executing : report_bus_skew -warn_on_violation -file FP_adder_32_13cc_bus_skew_routed.rpt -pb FP_adder_32_13cc_bus_skew_routed.pb -rpx FP_adder_32_13cc_bus_skew_routed.rpx
INFO: [Timing 38-91] UpdateTimingParams: Speed grade: -1, Delay Type: min_max.
INFO: [Timing 38-191] Multithreading enabled for timing update using a maximum of 2 CPUs
INFO: [Common 17-206] Exiting Vivado at Mon Sep 30 21:23:16 2024...
